<?xml version="1.0" encoding="UTF-8"?>
<!-- Generated by org.testng.reporters.JUnitReportReporter -->
<testsuite skipped="0" hostname="PRZEWAB-HP" name="XKomSearchTest" tests="3" failures="0" timestamp="16 Jun 2019 15:43:54 GMT" time="36.813" errors="0">
  <testcase name="checkIfProducerFilterReducePagesAmount" time="12.781" classname="XKomSearchTest"/>
  <testcase name="checkGetIntoProductDetails" time="15.275" classname="XKomSearchTest"/>
  <testcase name="checkGoingToNextSite" time="8.757" classname="XKomSearchTest"/>
</testsuite> <!-- XKomSearchTest -->
