<?xml version="1.0" encoding="UTF-8"?>
<!-- Generated by org.testng.reporters.JUnitReportReporter -->
<testsuite skipped="0" hostname="PRZEWAB-HP" name="XKomSearchTest" tests="4" failures="0" timestamp="20 Jul 2019 17:04:00 GMT" time="34.348" errors="0">
  <testcase name="checkPriceFilter" time="11.580" classname="XKomSearchTest"/>
  <testcase name="checkIfProducerFilterReducePagesAmount" time="6.309" classname="XKomSearchTest"/>
  <testcase name="checkGoingToNextSite" time="3.703" classname="XKomSearchTest"/>
  <testcase name="checkGetIntoProductDetails" time="12.756" classname="XKomSearchTest"/>
</testsuite> <!-- XKomSearchTest -->
