<?xml version="1.0" encoding="UTF-8"?>
<!-- Generated by org.testng.reporters.JUnitReportReporter -->
<testsuite hostname="PRZEWAB-HP" failures="0" tests="1" name="XKomTest" time="20.768" errors="0" timestamp="10 cze 2019 18:26:32 GMT" skipped="0">
  <testcase classname="XKomTest" name="searchForSth" time="20.768"/>
</testsuite> <!-- XKomTest -->
